warning: acpi-1.7-3 is up to date -- skipping
warning: acpid-2.0.33-1 is up to date -- skipping
warning: acpi_call-1.2.2-64 is up to date -- skipping
warning: archlinux-keyring-20220727-1 is up to date -- skipping
warning: autoconf-2.71-1 is up to date -- skipping
warning: automake-1.16.5-1 is up to date -- skipping
warning: binutils-2.39-2 is up to date -- skipping
warning: bison-3.8.2-4 is up to date -- skipping
warning: fakeroot-1.29-1 is up to date -- skipping
warning: file-5.42-1 is up to date -- skipping
warning: findutils-4.9.0-1 is up to date -- skipping
warning: flex-2.6.4-3 is up to date -- skipping
warning: gawk-5.1.1-1 is up to date -- skipping
warning: gcc-12.1.1-4 is up to date -- skipping
warning: gettext-0.21-2 is up to date -- skipping
warning: grep-3.7-1 is up to date -- skipping
warning: groff-1.22.4-7 is up to date -- skipping
warning: gzip-1.12-1 is up to date -- skipping
warning: libtool-2.4.7-3 is up to date -- skipping
warning: m4-1.4.19-1 is up to date -- skipping
warning: make-4.3-3 is up to date -- skipping
warning: pacman-6.0.1-7 is up to date -- skipping
warning: patch-2.7.6-8 is up to date -- skipping
warning: pkgconf-1.8.0-1 is up to date -- skipping
warning: sed-4.8-1 is up to date -- skipping
warning: sudo-1.9.11.p3-1 is up to date -- skipping
warning: texinfo-6.8-2 is up to date -- skipping
warning: which-2.21-5 is up to date -- skipping
warning: zsh-5.9-1 is up to date -- skipping
warning: zsh-completions-0.34.0-2 is up to date -- skipping
warning: net-tools-2.10-1 is up to date -- skipping
warning: gnu-netcat-0.7.1-8 is up to date -- skipping
warning: openssh-9.0p1-1 is up to date -- skipping
warning: git-2.37.2-1 is up to date -- skipping
warning: nano-6.4-1 is up to date -- skipping
warning: networkmanager-1.38.4-1 is up to date -- skipping
warning: bluez-5.65-2 is up to date -- skipping
warning: bluez-utils-5.65-2 is up to date -- skipping
warning: cronie-1.6.1-1 is up to date -- skipping
warning: htop-3.2.1-1 is up to date -- skipping
warning: ffmpeg-2:5.1-1 is up to date -- skipping
warning: polkit-121-1 is up to date -- skipping
warning: cups-1:2.4.2-3 is up to date -- skipping
warning: cups-pdf-3.0.1-6 is up to date -- skipping
warning: splix-2.0.0-16 is up to date -- skipping
warning: mesa-22.1.6-1 is up to date -- skipping
warning: mesa-utils-8.5.0-2 is up to date -- skipping
warning: wayland-1.21.0-1 is up to date -- skipping
warning: libinput-1.21.0-1 is up to date -- skipping
warning: xorg-server-21.1.4-1 is up to date -- skipping
warning: xorg-xinit-1.4.1-3 is up to date -- skipping
warning: pipewire-1:0.3.56-1 is up to date -- skipping
warning: pipewire-alsa-1:0.3.56-1 is up to date -- skipping
warning: pipewire-jack-1:0.3.56-1 is up to date -- skipping
warning: pipewire-pulse-1:0.3.56-1 is up to date -- skipping
warning: gst-plugin-pipewire-1:0.3.56-1 is up to date -- skipping
warning: libpulse-16.1-1 is up to date -- skipping
warning: wireplumber-0.4.11-4 is up to date -- skipping
warning: gnome-shell-1:42.4-1 is up to date -- skipping
warning: gdm-42.0+r11+g4a52f026-1 is up to date -- skipping
warning: nautilus-42.2-1 is up to date -- skipping
warning: gnome-keyring-1:42.1-1 is up to date -- skipping
warning: gnome-terminal-3.44.1-1 is up to date -- skipping
warning: gnome-tweaks-42beta+r14+g2d9d76c-2 is up to date -- skipping
warning: gnome-bluetooth-3.0-42.2-1 is up to date -- skipping
warning: gnome-control-center-42.3-2 is up to date -- skipping
warning: gnome-backgrounds-42.0-1 is up to date -- skipping
warning: gnome-themes-extra-3.28+r6+g45b1d457-1 is up to date -- skipping
warning: gnome-software-42.4-1 is up to date -- skipping
warning: eog-42.3-1 is up to date -- skipping
warning: gnome-calculator-42.2-1 is up to date -- skipping
warning: gedit-42.2-1 is up to date -- skipping
warning: evince-42.3-1 is up to date -- skipping
warning: xdg-desktop-portal-gnome-42.3-1 is up to date -- skipping
warning: xdg-utils-1.1.3+21+g1a58bc2-1 is up to date -- skipping
warning: xdg-user-dirs-0.18-1 is up to date -- skipping
warning: xdg-desktop-portal-1.15.0-1 is up to date -- skipping
warning: libqtxdg-3.9.1-3 is up to date -- skipping
warning: flatpak-1:1.12.7-1 is up to date -- skipping
warning: ttf-liberation-2.1.5-1 is up to date -- skipping
warning: noto-fonts-emoji-20211101-1 is up to date -- skipping
warning: dkms-3.0.6-1 is up to date -- skipping
warning: nvidia-dkms-515.65.01-2 is up to date -- skipping
warning: nvidia-prime-1.0-4 is up to date -- skipping
 there is nothing to do
